#
# There is insufficient memory for the Java Runtime Environment to continue.
# Native memory allocation (mmap) failed to map 96468992 bytes for G1 virtual space
# Possible reasons:
#   The system is out of physical RAM or swap space
#   The process is running with CompressedOops enabled, and the Java Heap may be blocking the growth of the native heap
# Possible solutions:
#   Reduce memory load on the system
#   Increase physical memory or swap space
#   Check if swap backing store is full
#   Decrease Java heap size (-Xmx/-Xms)
#   Decrease number of Java threads
#   Decrease Java thread stack sizes (-Xss)
#   Set larger code cache with -XX:ReservedCodeCacheSize=
#   JVM is running with Unscaled Compressed Oops mode in which the Java heap is
#     placed in the first 4GB address space. The Java Heap base address is the
#     maximum limit for the native heap growth. Please use -XX:HeapBaseMinAddress
#     to set the Java Heap base and to place the Java Heap above 4GB virtual address.
# This output file may be truncated or incomplete.
#
#  Out of Memory Error (os_windows.cpp:3600), pid=40592, tid=47944
#
# JRE version:  (21.0.1+12) (build )
# Java VM: Java HotSpot(TM) 64-Bit Server VM (21.0.1+12-LTS-29, mixed mode, sharing, tiered, compressed oops, compressed class ptrs, g1 gc, windows-amd64)
# No core dump will be written. Minidumps are not enabled by default on client versions of Windows
#

---------------  S U M M A R Y ------------

Command Line: org.jetbrains.kotlin.cli.jvm.K2JVMCompiler @C:\Tugas_Akhir\RentMob\node_modules\react-native-webview\android\build\20250209_356636475593548900.compiler.options

Host: AMD Ryzen 3 7320U with Radeon Graphics         , 8 cores, 5G,  Windows 11 , 64 bit Build 26100 (10.0.26100.3037)
Time: Sun Feb  9 22:55:07 2025 SE Asia Standard Time elapsed time: 2.500847 seconds (0d 0h 0m 2s)

---------------  T H R E A D  ---------------

Current thread (0x000001432779f3d0):  JavaThread "Unknown thread" [_thread_in_vm, id=47944, stack(0x0000003f77300000,0x0000003f77400000) (1024K)]

Stack: [0x0000003f77300000,0x0000003f77400000]
Native frames: (J=compiled Java code, j=interpreted, Vv=VM code, C=native code)
V  [jvm.dll+0x6c9029]
V  [jvm.dll+0x854b81]
V  [jvm.dll+0x856e5e]
V  [jvm.dll+0x857543]
V  [jvm.dll+0x280c06]
V  [jvm.dll+0x6c5715]
V  [jvm.dll+0x6ba10a]
V  [jvm.dll+0x3557ea]
V  [jvm.dll+0x35d436]
V  [jvm.dll+0x3ae1be]
V  [jvm.dll+0x3ae468]
V  [jvm.dll+0x3291fc]
V  [jvm.dll+0x329d8b]
V  [jvm.dll+0x81d179]
V  [jvm.dll+0x3bb4f1]
V  [jvm.dll+0x805ae8]
V  [jvm.dll+0x44effe]
V  [jvm.dll+0x450901]
C  [jli.dll+0x52a3]
C  [ucrtbase.dll+0x37b0]
C  [KERNEL32.DLL+0x2e8d7]
C  [ntdll.dll+0xbbf2c]


---------------  P R O C E S S  ---------------

Threads class SMR info:
_java_thread_list=0x00007ffdfde19b88, length=0, elements={
}

Java Threads: ( => current thread )
Total: 0

Other Threads:
  0x00000143277df600 WorkerThread "GC Thread#0"                     [id=31160, stack(0x0000003f77400000,0x0000003f77500000) (1024K)]
  0x00000143277ed1b0 ConcurrentGCThread "G1 Main Marker"            [id=44352, stack(0x0000003f77500000,0x0000003f77600000) (1024K)]
  0x00000143277edcb0 WorkerThread "G1 Conc#0"                       [id=45784, stack(0x0000003f77600000,0x0000003f77700000) (1024K)]

[error occurred during error reporting (printing all threads), id 0xc0000005, EXCEPTION_ACCESS_VIOLATION (0xc0000005) at pc=0x00007ffdfd58c2c7]
VM state: not at safepoint (not fully initialized)

VM Mutex/Monitor currently owned by a thread:  ([mutex/lock_event])
[0x00007ffdfde8a6f8] Heap_lock - owner thread: 0x000001432779f3d0

Heap address: 0x00000000a4200000, size: 1470 MB, Compressed Oops mode: 32-bit

CDS archive(s) mapped at: [0x0000000000000000-0x0000000000000000-0x0000000000000000), size 0, SharedBaseAddress: 0x0000000800000000, ArchiveRelocationMode: 1.
Narrow klass base: 0x0000000000000000, Narrow klass shift: 0, Narrow klass range: 0x0

GC Precious Log:
 CardTable entry size: 512
 Card Set container configuration: InlinePtr #cards 5 size 8 Array Of Cards #cards 12 size 40 Howl #buckets 4 coarsen threshold 1843 Howl Bitmap #cards 512 size 80 coarsen threshold 460 Card regions per heap region 1 cards per card region 2048

Heap:
 garbage-first heap   total 0K, used 0K [0x00000000a4200000, 0x0000000100000000)
  region size 1024K, 0 young (0K), 0 survivors (0K)

[error occurred during error reporting (printing heap information), id 0xc0000005, EXCEPTION_ACCESS_VIOLATION (0xc0000005) at pc=0x00007ffdfd971be9]
GC Heap History (0 events):
No events

Dll operation events (1 events):
Event: 0.167 Loaded shared library C:\Program Files\Java\jdk-21\bin\java.dll

Deoptimization events (0 events):
No events

Classes loaded (0 events):
No events

Classes unloaded (0 events):
No events

Classes redefined (0 events):
No events

Internal exceptions (0 events):
No events

ZGC Phase Switch (0 events):
No events

VM Operations (0 events):
No events

Events (0 events):
No events


Dynamic libraries:
0x00007ff60e460000 - 0x00007ff60e470000 	C:\Program Files\Java\jdk-21\bin\java.exe
0x00007ffed32c0000 - 0x00007ffed3523000 	C:\WINDOWS\SYSTEM32\ntdll.dll
0x00007ffed2970000 - 0x00007ffed2a37000 	C:\WINDOWS\System32\KERNEL32.DLL
0x00007ffed0be0000 - 0x00007ffed0fa7000 	C:\WINDOWS\System32\KERNELBASE.dll
0x00007ffeafec0000 - 0x00007ffeafedb000 	C:\Program Files\Java\jdk-21\bin\VCRUNTIME140.dll
0x00007ffeafee0000 - 0x00007ffeafef9000 	C:\Program Files\Java\jdk-21\bin\jli.dll
0x00007ffed0fb0000 - 0x00007ffed10fc000 	C:\WINDOWS\System32\ucrtbase.dll
0x00007ffed2ce0000 - 0x00007ffed2d94000 	C:\WINDOWS\System32\ADVAPI32.dll
0x00007ffed1380000 - 0x00007ffed1429000 	C:\WINDOWS\System32\msvcrt.dll
0x00007ffed2b30000 - 0x00007ffed2bd6000 	C:\WINDOWS\System32\sechost.dll
0x00007ffed2600000 - 0x00007ffed2716000 	C:\WINDOWS\System32\RPCRT4.dll
0x00007ffed30b0000 - 0x00007ffed3279000 	C:\WINDOWS\System32\USER32.dll
0x00007ffed0790000 - 0x00007ffed07b7000 	C:\WINDOWS\System32\win32u.dll
0x00007ffed1b40000 - 0x00007ffed1b6a000 	C:\WINDOWS\System32\GDI32.dll
0x00007ffed0930000 - 0x00007ffed0a5b000 	C:\WINDOWS\System32\gdi32full.dll
0x00007ffed07c0000 - 0x00007ffed0863000 	C:\WINDOWS\System32\msvcp_win.dll
0x00007ffeb0680000 - 0x00007ffeb0910000 	C:\WINDOWS\WinSxS\amd64_microsoft.windows.common-controls_6595b64144ccf1df_6.0.26100.3037_none_3e09262ce333c378\COMCTL32.dll
0x00007ffec76b0000 - 0x00007ffec76bb000 	C:\WINDOWS\SYSTEM32\VERSION.dll
0x00007ffed1340000 - 0x00007ffed136f000 	C:\WINDOWS\System32\IMM32.DLL
0x00007ffec6b20000 - 0x00007ffec6b2c000 	C:\Program Files\Java\jdk-21\bin\vcruntime140_1.dll
0x00007ffea5180000 - 0x00007ffea520e000 	C:\Program Files\Java\jdk-21\bin\msvcp140.dll
0x00007ffdfd250000 - 0x00007ffdfdf65000 	C:\Program Files\Java\jdk-21\bin\server\jvm.dll
0x00007ffed1100000 - 0x00007ffed1174000 	C:\WINDOWS\System32\WS2_32.dll
0x00007ffed0440000 - 0x00007ffed048e000 	C:\WINDOWS\SYSTEM32\POWRPROF.dll
0x00007ffec2ab0000 - 0x00007ffec2ae6000 	C:\WINDOWS\SYSTEM32\WINMM.dll
0x00007ffed0310000 - 0x00007ffed0324000 	C:\WINDOWS\SYSTEM32\UMPDC.dll
0x00007ffecf490000 - 0x00007ffecf4aa000 	C:\WINDOWS\SYSTEM32\kernel.appcore.dll
0x00007ffeafeb0000 - 0x00007ffeafeba000 	C:\Program Files\Java\jdk-21\bin\jimage.dll
0x00007ffecdf00000 - 0x00007ffece141000 	C:\WINDOWS\SYSTEM32\DBGHELP.DLL
0x00007ffed1bc0000 - 0x00007ffed1f3e000 	C:\WINDOWS\System32\combase.dll
0x00007ffed2010000 - 0x00007ffed20e6000 	C:\WINDOWS\System32\OLEAUT32.dll
0x00007ffeb73b0000 - 0x00007ffeb73e9000 	C:\WINDOWS\SYSTEM32\dbgcore.DLL
0x00007ffed0660000 - 0x00007ffed06f9000 	C:\WINDOWS\System32\bcryptPrimitives.dll
0x00007ffea4f20000 - 0x00007ffea4f3f000 	C:\Program Files\Java\jdk-21\bin\java.dll

dbghelp: loaded successfully - version: 4.0.5 - missing functions: none
symbol engine: initialized successfully - sym options: 0x614 - pdb path: .;C:\Program Files\Java\jdk-21\bin;C:\WINDOWS\SYSTEM32;C:\WINDOWS\WinSxS\amd64_microsoft.windows.common-controls_6595b64144ccf1df_6.0.26100.3037_none_3e09262ce333c378;C:\Program Files\Java\jdk-21\bin\server

VM Arguments:
java_command: org.jetbrains.kotlin.cli.jvm.K2JVMCompiler @C:\Tugas_Akhir\RentMob\node_modules\react-native-webview\android\build\20250209_356636475593548900.compiler.options
java_class_path (initial): C:\Users\RIO MAULANA\.gradle\caches\modules-2\files-2.1\org.jetbrains.kotlin\kotlin-compiler-embeddable\1.9.24\78dab849090e6c5e2eadb6e59a11cdc28fb67a08\kotlin-compiler-embeddable-1.9.24.jar;C:\Users\RIO MAULANA\.gradle\caches\modules-2\files-2.1\org.jetbrains.kotlin\kotlin-stdlib\1.9.24\9928532f12c66ad816a625b3f9984f8368ca6d2b\kotlin-stdlib-1.9.24.jar;C:\Users\RIO MAULANA\.gradle\caches\modules-2\files-2.1\org.jetbrains.kotlin\kotlin-script-runtime\1.9.24\96771497da90fbc5af1c90fce148db2595a62502\kotlin-script-runtime-1.9.24.jar;C:\Users\RIO MAULANA\.gradle\caches\modules-2\files-2.1\org.jetbrains.kotlin\kotlin-reflect\1.6.10\1cbe9c92c12a94eea200d23c2bbaedaf3daf5132\kotlin-reflect-1.6.10.jar;C:\Users\RIO MAULANA\.gradle\caches\modules-2\files-2.1\org.jetbrains.kotlin\kotlin-daemon-embeddable\1.9.24\86685b9c5e8d170925bd9ddbdc263374a6a73281\kotlin-daemon-embeddable-1.9.24.jar;C:\Users\RIO MAULANA\.gradle\caches\modules-2\files-2.1\org.jetbrains.intellij.deps\trove4j\1.0.20200330\3afb14d5f9ceb459d724e907a21145e8ff394f02\trove4j-1.0.20200330.jar;C:\Users\RIO MAULANA\.gradle\caches\modules-2\files-2.1\org.jetbrains\annotations\13.0\919f0dfe192fb4e063e7dacadee7f8bb9a2672a9\annotations-13.0.jar
Launcher Type: SUN_STANDARD

[Global flags]
     intx CICompilerCount                          = 4                                         {product} {ergonomic}
     uint ConcGCThreads                            = 2                                         {product} {ergonomic}
     uint G1ConcRefinementThreads                  = 8                                         {product} {ergonomic}
   size_t G1HeapRegionSize                         = 1048576                                   {product} {ergonomic}
    uintx GCDrainStackTargetSize                   = 64                                        {product} {ergonomic}
   size_t InitialHeapSize                          = 96468992                                  {product} {ergonomic}
   size_t MarkStackSize                            = 4194304                                   {product} {ergonomic}
   size_t MaxHeapSize                              = 1541406720                                {product} {ergonomic}
   size_t MinHeapDeltaBytes                        = 1048576                                   {product} {ergonomic}
   size_t MinHeapSize                              = 8388608                                   {product} {ergonomic}
    uintx NonNMethodCodeHeapSize                   = 5839372                                {pd product} {ergonomic}
    uintx NonProfiledCodeHeapSize                  = 122909434                              {pd product} {ergonomic}
    uintx ProfiledCodeHeapSize                     = 122909434                              {pd product} {ergonomic}
    uintx ReservedCodeCacheSize                    = 251658240                              {pd product} {ergonomic}
     bool SegmentedCodeCache                       = true                                      {product} {ergonomic}
   size_t SoftMaxHeapSize                          = 1541406720                             {manageable} {ergonomic}
     bool UseCompressedOops                        = true                           {product lp64_product} {ergonomic}
     bool UseG1GC                                  = true                                      {product} {ergonomic}
     bool UseLargePagesIndividualAllocation        = false                                  {pd product} {ergonomic}

Logging:
Log output configuration:
 #0: stdout all=warning uptime,level,tags foldmultilines=false
 #1: stderr all=off uptime,level,tags foldmultilines=false

Environment Variables:
CLASSPATH=C:\Tugas_Akhir\RentMob\android\\gradle\wrapper\gradle-wrapper.jar
PATH=C:\Tugas_Akhir\RentMob\node_modules\.bin;C:\Tugas_Akhir\node_modules\.bin;C:\node_modules\.bin;C:\Users\RIO MAULANA\AppData\Roaming\nvm\v18.19.0\node_modules\npm\node_modules\@npmcli\run-script\lib\node-gyp-bin;C:\Program Files\Common Files\Oracle\Java\javapath;C:\ProgramData\Oracle\Java\javapath;C:\WINDOWS\system32;C:\WINDOWS;C:\WINDOWS\System32\Wbem;C:\WINDOWS\System32\WindowsPowerShell\v1.0\;C:\WINDOWS\System32\OpenSSH\;C:\Program Files\Git\cmd;C:\xampp\php;C:\ProgramData\ComposerSetup\bin;C:\Users\RIO MAULANA\AppData\Roaming\nvm;C:\Program Files\nodejs;C:\Users\RIO MAULANA\AppData\Local\Android\Sdk\platform-tools;C:\Users\RIO MAULANA\AppData\Local\Microsoft\WindowsApps;C:\Users\RIO MAULANA\AppData\Local\Programs\Microsoft VS Code\bin;C:\Users\RIO MAULANA\AppData\Roaming\Composer\vendor\bin;C:\Program Files\Git\bin;C:\flutter_windows_3.13.8-stable\flutter\bin;C:\Users\RIO MAULANA\AppData\Roaming\nvm;C:\Program Files\nodejs;
USERNAME=RIO MAULANA
LANG=en_US.UTF-8
OS=Windows_NT
PROCESSOR_IDENTIFIER=AMD64 Family 23 Model 160 Stepping 0, AuthenticAMD
TMP=C:\Users\RIOMAU~1\AppData\Local\Temp
TEMP=C:\Users\RIOMAU~1\AppData\Local\Temp




Periodic native trim disabled

---------------  S Y S T E M  ---------------

OS:
 Windows 11 , 64 bit Build 26100 (10.0.26100.3037)
OS uptime: 0 days 1:35 hours
Hyper-V role detected

CPU: total 8 (initial active 8) (8 cores per cpu, 2 threads per core) family 23 model 160 stepping 0 microcode 0x8a00006, cx8, cmov, fxsr, ht, mmx, 3dnowpref, sse, sse2, sse3, ssse3, sse4a, sse4.1, sse4.2, popcnt, lzcnt, tsc, tscinvbit, avx, avx2, aes, clmul, bmi1, bmi2, adx, sha, fma, vzeroupper, clflush, clflushopt, hv, rdtscp, rdpid, f16c
Processor Information for all 8 processors :
  Max Mhz: 2401, Current Mhz: 2401, Mhz Limit: 2401

Memory: 4k page, system-wide physical 5877M (176M free)
TotalPageFile size 24309M (AvailPageFile size 1M)
current process WorkingSet (physical memory assigned to process): 11M, peak: 11M
current process commit charge ("private bytes"): 60M, peak: 152M

vm_info: Java HotSpot(TM) 64-Bit Server VM (21.0.1+12-LTS-29) for windows-amd64 JRE (21.0.1+12-LTS-29), built on 2023-10-05T13:27:09Z by "mach5one" with MS VC++ 17.1 (VS2022)

END.
