#
# There is insufficient memory for the Java Runtime Environment to continue.
# Native memory allocation (malloc) failed to allocate 724976 bytes for Chunk::new
# Possible reasons:
#   The system is out of physical RAM or swap space
#   The process is running with CompressedOops enabled, and the Java Heap may be blocking the growth of the native heap
# Possible solutions:
#   Reduce memory load on the system
#   Increase physical memory or swap space
#   Check if swap backing store is full
#   Decrease Java heap size (-Xmx/-Xms)
#   Decrease number of Java threads
#   Decrease Java thread stack sizes (-Xss)
#   Set larger code cache with -XX:ReservedCodeCacheSize=
#   JVM is running with Unscaled Compressed Oops mode in which the Java heap is
#     placed in the first 4GB address space. The Java Heap base address is the
#     maximum limit for the native heap growth. Please use -XX:HeapBaseMinAddress
#     to set the Java Heap base and to place the Java Heap above 4GB virtual address.
# This output file may be truncated or incomplete.
#
#  Out of Memory Error (arena.cpp:168), pid=46592, tid=46784
#
# JRE version: Java(TM) SE Runtime Environment (21.0.1+12) (build 21.0.1+12-LTS-29)
# Java VM: Java HotSpot(TM) 64-Bit Server VM (21.0.1+12-LTS-29, mixed mode, sharing, tiered, compressed oops, compressed class ptrs, g1 gc, windows-amd64)
# No core dump will be written. Minidumps are not enabled by default on client versions of Windows
#

---------------  S U M M A R Y ------------

Command Line: org.jetbrains.kotlin.cli.jvm.K2JVMCompiler @C:\Tugas_Akhir\RentMob\node_modules\react-native-gesture-handler\android\build\20250209_12897625364994580255.compiler.options

Host: AMD Ryzen 3 7320U with Radeon Graphics         , 8 cores, 5G,  Windows 11 , 64 bit Build 26100 (10.0.26100.3037)
Time: Sun Feb  9 22:55:24 2025 SE Asia Standard Time elapsed time: 107.289851 seconds (0d 0h 1m 47s)

---------------  T H R E A D  ---------------

Current thread (0x000001f430030850):  JavaThread "C2 CompilerThread0" daemon [_thread_in_native, id=46784, stack(0x000000325de00000,0x000000325df00000) (1024K)]


Current CompileTask:
C2: 107290 9459       4       org.jetbrains.kotlin.builtins.FunctionTypesKt::getFunctionTypeKind (32 bytes)

Stack: [0x000000325de00000,0x000000325df00000]
Native frames: (J=compiled Java code, j=interpreted, Vv=VM code, C=native code)
V  [jvm.dll+0x6c9029]
V  [jvm.dll+0x854b81]
V  [jvm.dll+0x856e5e]
V  [jvm.dll+0x857543]
V  [jvm.dll+0x280c06]
V  [jvm.dll+0xc3ead]
V  [jvm.dll+0xc43c3]
V  [jvm.dll+0x3b5732]
V  [jvm.dll+0x382475]
V  [jvm.dll+0x3818ea]
V  [jvm.dll+0x249ad0]
V  [jvm.dll+0x2490b1]
V  [jvm.dll+0x1c9ca1]
V  [jvm.dll+0x2586b9]
V  [jvm.dll+0x256c9a]
V  [jvm.dll+0x3ef1b6]
V  [jvm.dll+0x7fd728]
V  [jvm.dll+0x6c777d]
C  [ucrtbase.dll+0x37b0]
C  [KERNEL32.DLL+0x2e8d7]
C  [ntdll.dll+0xbbf2c]


---------------  P R O C E S S  ---------------

Threads class SMR info:
_java_thread_list=0x000001f43026def0, length=11, elements={
0x000001f413a8f3d0, 0x000001f430023ec0, 0x000001f4300275a0, 0x000001f43002a010,
0x000001f43002ca80, 0x000001f43002d4e0, 0x000001f43002eab0, 0x000001f430030850,
0x000001f430038c00, 0x000001f430291b50, 0x000001f43029e3b0
}

Java Threads: ( => current thread )
  0x000001f413a8f3d0 JavaThread "main"                              [_thread_in_Java, id=22320, stack(0x000000325d000000,0x000000325d100000) (1024K)]
  0x000001f430023ec0 JavaThread "Reference Handler"          daemon [_thread_blocked, id=26120, stack(0x000000325d800000,0x000000325d900000) (1024K)]
  0x000001f4300275a0 JavaThread "Finalizer"                  daemon [_thread_blocked, id=35316, stack(0x000000325d900000,0x000000325da00000) (1024K)]
  0x000001f43002a010 JavaThread "Signal Dispatcher"          daemon [_thread_blocked, id=37012, stack(0x000000325da00000,0x000000325db00000) (1024K)]
  0x000001f43002ca80 JavaThread "Attach Listener"            daemon [_thread_blocked, id=29112, stack(0x000000325db00000,0x000000325dc00000) (1024K)]
  0x000001f43002d4e0 JavaThread "Service Thread"             daemon [_thread_in_vm, id=16008, stack(0x000000325dc00000,0x000000325dd00000) (1024K)]
  0x000001f43002eab0 JavaThread "Monitor Deflation Thread"   daemon [_thread_blocked, id=44340, stack(0x000000325dd00000,0x000000325de00000) (1024K)]
=>0x000001f430030850 JavaThread "C2 CompilerThread0"         daemon [_thread_in_native, id=46784, stack(0x000000325de00000,0x000000325df00000) (1024K)]
  0x000001f430038c00 JavaThread "C1 CompilerThread0"         daemon [_thread_blocked, id=36652, stack(0x000000325df00000,0x000000325e000000) (1024K)]
  0x000001f430291b50 JavaThread "Notification Thread"        daemon [_thread_blocked, id=30080, stack(0x000000325e000000,0x000000325e100000) (1024K)]
  0x000001f43029e3b0 JavaThread "Common-Cleaner"             daemon [_thread_blocked, id=46812, stack(0x000000325e100000,0x000000325e200000) (1024K)]
Total: 11

Other Threads:
  0x000001f4300044b0 VMThread "VM Thread"                           [id=33404, stack(0x000000325d700000,0x000000325d800000) (1024K)]
  0x000001f42ffef1b0 WatcherThread "VM Periodic Task Thread"        [id=36456, stack(0x000000325d600000,0x000000325d700000) (1024K)]
  0x000001f413acf750 WorkerThread "GC Thread#0"                     [id=33776, stack(0x000000325d100000,0x000000325d200000) (1024K)]
  0x000001f4306bc050 WorkerThread "GC Thread#1"                     [id=47028, stack(0x000000325e200000,0x000000325e300000) (1024K)]
  0x000001f4300add00 WorkerThread "GC Thread#2"                     [id=45996, stack(0x000000325e300000,0x000000325e400000) (1024K)]
  0x000001f43024dc60 WorkerThread "GC Thread#3"                     [id=43264, stack(0x000000325e400000,0x000000325e500000) (1024K)]
  0x000001f413a96760 WorkerThread "GC Thread#4"                     [id=40032, stack(0x000000325e500000,0x000000325e600000) (1024K)]
  0x000001f413a96b00 WorkerThread "GC Thread#5"                     [id=46132, stack(0x000000325e600000,0x000000325e700000) (1024K)]
  0x000001f430c6b7c0 WorkerThread "GC Thread#6"                     [id=8308, stack(0x000000325e700000,0x000000325e800000) (1024K)]
  0x000001f430c6b080 WorkerThread "GC Thread#7"                     [id=36020, stack(0x000000325e800000,0x000000325e900000) (1024K)]
  0x000001f413add300 ConcurrentGCThread "G1 Main Marker"            [id=29624, stack(0x000000325d200000,0x000000325d300000) (1024K)]
  0x000001f413adde00 WorkerThread "G1 Conc#0"                       [id=29080, stack(0x000000325d300000,0x000000325d400000) (1024K)]
  0x000001f476b250c0 WorkerThread "G1 Conc#1"                       [id=48024, stack(0x000000325e900000,0x000000325ea00000) (1024K)]
  0x000001f42fec0090 ConcurrentGCThread "G1 Refine#0"               [id=35984, stack(0x000000325d400000,0x000000325d500000) (1024K)]
  0x000001f413b49c30 ConcurrentGCThread "G1 Service"                [id=46768, stack(0x000000325d500000,0x000000325d600000) (1024K)]
Total: 15

Threads with active compile tasks:
C2 CompilerThread0   107780 9459       4       org.jetbrains.kotlin.builtins.FunctionTypesKt::getFunctionTypeKind (32 bytes)
Total: 1

VM state: not at safepoint (normal execution)

VM Mutex/Monitor currently owned by a thread: None

Heap address: 0x00000000a4200000, size: 1470 MB, Compressed Oops mode: 32-bit

CDS archive(s) mapped at: [0x000001f431000000-0x000001f431c90000-0x000001f431c90000), size 13172736, SharedBaseAddress: 0x000001f431000000, ArchiveRelocationMode: 1.
Compressed class space mapped at: 0x000001f432000000-0x000001f472000000, reserved size: 1073741824
Narrow klass base: 0x000001f431000000, Narrow klass shift: 0, Narrow klass range: 0x100000000

GC Precious Log:
 CardTable entry size: 512
 Card Set container configuration: InlinePtr #cards 5 size 8 Array Of Cards #cards 12 size 40 Howl #buckets 4 coarsen threshold 1843 Howl Bitmap #cards 512 size 80 coarsen threshold 460 Card regions per heap region 1 cards per card region 2048
 CPUs: 8 total, 8 available
 Memory: 5877M
 Large Page Support: Disabled
 NUMA Support: Disabled
 Compressed Oops: Enabled (32-bit)
 Heap Region Size: 1M
 Heap Min Capacity: 8M
 Heap Initial Capacity: 92M
 Heap Max Capacity: 1470M
 Pre-touch: Disabled
 Parallel Workers: 8
 Concurrent Workers: 2
 Concurrent Refinement Workers: 8
 Periodic GC: Disabled

Heap:
 garbage-first heap   total 91136K, used 57176K [0x00000000a4200000, 0x0000000100000000)
  region size 1024K, 6 young (6144K), 4 survivors (4096K)
 Metaspace       used 52961K, committed 53760K, reserved 1114112K
  class space    used 6241K, committed 6592K, reserved 1048576K

Heap Regions: E=young(eden), S=young(survivor), O=old, HS=humongous(starts), HC=humongous(continues), CS=collection set, F=free, TAMS=top-at-mark-start, PB=parsable bottom
|   0|0x00000000a4200000, 0x00000000a4300000, 0x00000000a4300000|100%|HS|  |TAMS 0x00000000a4200000| PB 0x00000000a4200000| Complete 
|   1|0x00000000a4300000, 0x00000000a4400000, 0x00000000a4400000|100%|HC|  |TAMS 0x00000000a4300000| PB 0x00000000a4300000| Complete 
|   2|0x00000000a4400000, 0x00000000a4500000, 0x00000000a4500000|100%|HC|  |TAMS 0x00000000a4400000| PB 0x00000000a4400000| Complete 
|   3|0x00000000a4500000, 0x00000000a4600000, 0x00000000a4600000|100%|HC|  |TAMS 0x00000000a4500000| PB 0x00000000a4500000| Complete 
|   4|0x00000000a4600000, 0x00000000a4700000, 0x00000000a4700000|100%| O|  |TAMS 0x00000000a4600000| PB 0x00000000a4600000| Untracked 
|   5|0x00000000a4700000, 0x00000000a4800000, 0x00000000a4800000|100%| O|  |TAMS 0x00000000a4700000| PB 0x00000000a4700000| Untracked 
|   6|0x00000000a4800000, 0x00000000a4900000, 0x00000000a4900000|100%| O|  |TAMS 0x00000000a4800000| PB 0x00000000a4800000| Untracked 
|   7|0x00000000a4900000, 0x00000000a4a00000, 0x00000000a4a00000|100%| O|  |TAMS 0x00000000a4900000| PB 0x00000000a4900000| Untracked 
|   8|0x00000000a4a00000, 0x00000000a4b00000, 0x00000000a4b00000|100%| O|  |TAMS 0x00000000a4a00000| PB 0x00000000a4a00000| Untracked 
|   9|0x00000000a4b00000, 0x00000000a4c00000, 0x00000000a4c00000|100%| O|  |TAMS 0x00000000a4b00000| PB 0x00000000a4b00000| Untracked 
|  10|0x00000000a4c00000, 0x00000000a4d00000, 0x00000000a4d00000|100%| O|  |TAMS 0x00000000a4c00000| PB 0x00000000a4c00000| Untracked 
|  11|0x00000000a4d00000, 0x00000000a4e00000, 0x00000000a4e00000|100%| O|  |TAMS 0x00000000a4d00000| PB 0x00000000a4d00000| Untracked 
|  12|0x00000000a4e00000, 0x00000000a4f00000, 0x00000000a4f00000|100%| O|  |TAMS 0x00000000a4e00000| PB 0x00000000a4e00000| Untracked 
|  13|0x00000000a4f00000, 0x00000000a5000000, 0x00000000a5000000|100%| O|  |TAMS 0x00000000a4f00000| PB 0x00000000a4f00000| Untracked 
|  14|0x00000000a5000000, 0x00000000a5100000, 0x00000000a5100000|100%| O|  |TAMS 0x00000000a5000000| PB 0x00000000a5000000| Untracked 
|  15|0x00000000a5100000, 0x00000000a5200000, 0x00000000a5200000|100%|HS|  |TAMS 0x00000000a5100000| PB 0x00000000a5100000| Complete 
|  16|0x00000000a5200000, 0x00000000a5300000, 0x00000000a5300000|100%|HC|  |TAMS 0x00000000a5200000| PB 0x00000000a5200000| Complete 
|  17|0x00000000a5300000, 0x00000000a5400000, 0x00000000a5400000|100%| O|  |TAMS 0x00000000a5300000| PB 0x00000000a5300000| Untracked 
|  18|0x00000000a5400000, 0x00000000a5500000, 0x00000000a5500000|100%| O|  |TAMS 0x00000000a5400000| PB 0x00000000a5400000| Untracked 
|  19|0x00000000a5500000, 0x00000000a5600000, 0x00000000a5600000|100%| O|  |TAMS 0x00000000a5500000| PB 0x00000000a5500000| Untracked 
|  20|0x00000000a5600000, 0x00000000a5700000, 0x00000000a5700000|100%| O|  |TAMS 0x00000000a5600000| PB 0x00000000a5600000| Untracked 
|  21|0x00000000a5700000, 0x00000000a5800000, 0x00000000a5800000|100%| O|  |TAMS 0x00000000a5700000| PB 0x00000000a5700000| Untracked 
|  22|0x00000000a5800000, 0x00000000a5900000, 0x00000000a5900000|100%| O|  |TAMS 0x00000000a5800000| PB 0x00000000a5800000| Untracked 
|  23|0x00000000a5900000, 0x00000000a5a00000, 0x00000000a5a00000|100%| O|  |TAMS 0x00000000a5900000| PB 0x00000000a5900000| Untracked 
|  24|0x00000000a5a00000, 0x00000000a5b00000, 0x00000000a5b00000|100%| O|  |TAMS 0x00000000a5a00000| PB 0x00000000a5a00000| Untracked 
|  25|0x00000000a5b00000, 0x00000000a5c00000, 0x00000000a5c00000|100%| O|  |TAMS 0x00000000a5b00000| PB 0x00000000a5b00000| Untracked 
|  26|0x00000000a5c00000, 0x00000000a5d00000, 0x00000000a5d00000|100%| O|  |TAMS 0x00000000a5c00000| PB 0x00000000a5c00000| Untracked 
|  27|0x00000000a5d00000, 0x00000000a5e00000, 0x00000000a5e00000|100%| O|  |TAMS 0x00000000a5d00000| PB 0x00000000a5d00000| Untracked 
|  28|0x00000000a5e00000, 0x00000000a5f00000, 0x00000000a5f00000|100%| O|  |TAMS 0x00000000a5e00000| PB 0x00000000a5e00000| Untracked 
|  29|0x00000000a5f00000, 0x00000000a6000000, 0x00000000a6000000|100%| O|  |TAMS 0x00000000a5f00000| PB 0x00000000a5f00000| Untracked 
|  30|0x00000000a6000000, 0x00000000a6100000, 0x00000000a6100000|100%| O|  |TAMS 0x00000000a6000000| PB 0x00000000a6000000| Untracked 
|  31|0x00000000a6100000, 0x00000000a6200000, 0x00000000a6200000|100%| O|  |TAMS 0x00000000a6100000| PB 0x00000000a6100000| Untracked 
|  32|0x00000000a6200000, 0x00000000a6300000, 0x00000000a6300000|100%| O|  |TAMS 0x00000000a6200000| PB 0x00000000a6200000| Untracked 
|  33|0x00000000a6300000, 0x00000000a6400000, 0x00000000a6400000|100%| O|  |TAMS 0x00000000a6300000| PB 0x00000000a6300000| Untracked 
|  34|0x00000000a6400000, 0x00000000a6500000, 0x00000000a6500000|100%| O|  |TAMS 0x00000000a6400000| PB 0x00000000a6400000| Untracked 
|  35|0x00000000a6500000, 0x00000000a6600000, 0x00000000a6600000|100%| O|  |TAMS 0x00000000a6500000| PB 0x00000000a6500000| Untracked 
|  36|0x00000000a6600000, 0x00000000a6700000, 0x00000000a6700000|100%| O|  |TAMS 0x00000000a6600000| PB 0x00000000a6600000| Untracked 
|  37|0x00000000a6700000, 0x00000000a6800000, 0x00000000a6800000|100%| O|  |TAMS 0x00000000a6700000| PB 0x00000000a6700000| Untracked 
|  38|0x00000000a6800000, 0x00000000a6900000, 0x00000000a6900000|100%| O|  |TAMS 0x00000000a6800000| PB 0x00000000a6800000| Untracked 
|  39|0x00000000a6900000, 0x00000000a6900000, 0x00000000a6a00000|  0%| F|  |TAMS 0x00000000a6900000| PB 0x00000000a6900000| Untracked 
|  40|0x00000000a6a00000, 0x00000000a6b00000, 0x00000000a6b00000|100%| O|  |TAMS 0x00000000a6a00000| PB 0x00000000a6a00000| Untracked 
|  41|0x00000000a6b00000, 0x00000000a6c00000, 0x00000000a6c00000|100%| O|  |TAMS 0x00000000a6b00000| PB 0x00000000a6b00000| Untracked 
|  42|0x00000000a6c00000, 0x00000000a6c00000, 0x00000000a6d00000|  0%| F|  |TAMS 0x00000000a6c00000| PB 0x00000000a6c00000| Untracked 
|  43|0x00000000a6d00000, 0x00000000a6e00000, 0x00000000a6e00000|100%| O|  |TAMS 0x00000000a6d00000| PB 0x00000000a6d00000| Untracked 
|  44|0x00000000a6e00000, 0x00000000a6f00000, 0x00000000a6f00000|100%| O|  |TAMS 0x00000000a6e00000| PB 0x00000000a6e00000| Untracked 
|  45|0x00000000a6f00000, 0x00000000a7000000, 0x00000000a7000000|100%| O|  |TAMS 0x00000000a6f00000| PB 0x00000000a6f00000| Untracked 
|  46|0x00000000a7000000, 0x00000000a7100000, 0x00000000a7100000|100%| O|  |TAMS 0x00000000a7000000| PB 0x00000000a7000000| Untracked 
|  47|0x00000000a7100000, 0x00000000a7200000, 0x00000000a7200000|100%| O|  |TAMS 0x00000000a7100000| PB 0x00000000a7100000| Untracked 
|  48|0x00000000a7200000, 0x00000000a7300000, 0x00000000a7300000|100%| O|  |TAMS 0x00000000a7200000| PB 0x00000000a7200000| Untracked 
|  49|0x00000000a7300000, 0x00000000a7343940, 0x00000000a7400000| 26%| O|  |TAMS 0x00000000a7300000| PB 0x00000000a7300000| Untracked 
|  50|0x00000000a7400000, 0x00000000a7400000, 0x00000000a7500000|  0%| F|  |TAMS 0x00000000a7400000| PB 0x00000000a7400000| Untracked 
|  51|0x00000000a7500000, 0x00000000a7500000, 0x00000000a7600000|  0%| F|  |TAMS 0x00000000a7500000| PB 0x00000000a7500000| Untracked 
|  52|0x00000000a7600000, 0x00000000a7600000, 0x00000000a7700000|  0%| F|  |TAMS 0x00000000a7600000| PB 0x00000000a7600000| Untracked 
|  53|0x00000000a7700000, 0x00000000a7700000, 0x00000000a7800000|  0%| F|  |TAMS 0x00000000a7700000| PB 0x00000000a7700000| Untracked 
|  54|0x00000000a7800000, 0x00000000a7800000, 0x00000000a7900000|  0%| F|  |TAMS 0x00000000a7800000| PB 0x00000000a7800000| Untracked 
|  55|0x00000000a7900000, 0x00000000a7992740, 0x00000000a7a00000| 57%| S|CS|TAMS 0x00000000a7900000| PB 0x00000000a7900000| Complete 
|  56|0x00000000a7a00000, 0x00000000a7b00000, 0x00000000a7b00000|100%| S|CS|TAMS 0x00000000a7a00000| PB 0x00000000a7a00000| Complete 
|  57|0x00000000a7b00000, 0x00000000a7c00000, 0x00000000a7c00000|100%| S|CS|TAMS 0x00000000a7b00000| PB 0x00000000a7b00000| Complete 
|  58|0x00000000a7c00000, 0x00000000a7d00000, 0x00000000a7d00000|100%| S|CS|TAMS 0x00000000a7c00000| PB 0x00000000a7c00000| Complete 
|  59|0x00000000a7d00000, 0x00000000a7d00000, 0x00000000a7e00000|  0%| F|  |TAMS 0x00000000a7d00000| PB 0x00000000a7d00000| Untracked 
|  60|0x00000000a7e00000, 0x00000000a7e00000, 0x00000000a7f00000|  0%| F|  |TAMS 0x00000000a7e00000| PB 0x00000000a7e00000| Untracked 
|  61|0x00000000a7f00000, 0x00000000a7f00000, 0x00000000a8000000|  0%| F|  |TAMS 0x00000000a7f00000| PB 0x00000000a7f00000| Untracked 
|  62|0x00000000a8000000, 0x00000000a8000000, 0x00000000a8100000|  0%| F|  |TAMS 0x00000000a8000000| PB 0x00000000a8000000| Untracked 
|  63|0x00000000a8100000, 0x00000000a8100000, 0x00000000a8200000|  0%| F|  |TAMS 0x00000000a8100000| PB 0x00000000a8100000| Untracked 
|  64|0x00000000a8200000, 0x00000000a8200000, 0x00000000a8300000|  0%| F|  |TAMS 0x00000000a8200000| PB 0x00000000a8200000| Untracked 
|  65|0x00000000a8300000, 0x00000000a8300000, 0x00000000a8400000|  0%| F|  |TAMS 0x00000000a8300000| PB 0x00000000a8300000| Untracked 
|  66|0x00000000a8400000, 0x00000000a8400000, 0x00000000a8500000|  0%| F|  |TAMS 0x00000000a8400000| PB 0x00000000a8400000| Untracked 
|  67|0x00000000a8500000, 0x00000000a8500000, 0x00000000a8600000|  0%| F|  |TAMS 0x00000000a8500000| PB 0x00000000a8500000| Untracked 
|  68|0x00000000a8600000, 0x00000000a8600000, 0x00000000a8700000|  0%| F|  |TAMS 0x00000000a8600000| PB 0x00000000a8600000| Untracked 
|  69|0x00000000a8700000, 0x00000000a8700000, 0x00000000a8800000|  0%| F|  |TAMS 0x00000000a8700000| PB 0x00000000a8700000| Untracked 
|  70|0x00000000a8800000, 0x00000000a8800000, 0x00000000a8900000|  0%| F|  |TAMS 0x00000000a8800000| PB 0x00000000a8800000| Untracked 
|  71|0x00000000a8900000, 0x00000000a8900000, 0x00000000a8a00000|  0%| F|  |TAMS 0x00000000a8900000| PB 0x00000000a8900000| Untracked 
|  72|0x00000000a8a00000, 0x00000000a8a00000, 0x00000000a8b00000|  0%| F|  |TAMS 0x00000000a8a00000| PB 0x00000000a8a00000| Untracked 
|  73|0x00000000a8b00000, 0x00000000a8b00000, 0x00000000a8c00000|  0%| F|  |TAMS 0x00000000a8b00000| PB 0x00000000a8b00000| Untracked 
|  74|0x00000000a8c00000, 0x00000000a8c00000, 0x00000000a8d00000|  0%| F|  |TAMS 0x00000000a8c00000| PB 0x00000000a8c00000| Untracked 
|  75|0x00000000a8d00000, 0x00000000a8d00000, 0x00000000a8e00000|  0%| F|  |TAMS 0x00000000a8d00000| PB 0x00000000a8d00000| Untracked 
|  76|0x00000000a8e00000, 0x00000000a8e00000, 0x00000000a8f00000|  0%| F|  |TAMS 0x00000000a8e00000| PB 0x00000000a8e00000| Untracked 
|  77|0x00000000a8f00000, 0x00000000a8f00000, 0x00000000a9000000|  0%| F|  |TAMS 0x00000000a8f00000| PB 0x00000000a8f00000| Untracked 
|  78|0x00000000a9000000, 0x00000000a9000000, 0x00000000a9100000|  0%| F|  |TAMS 0x00000000a9000000| PB 0x00000000a9000000| Untracked 
|  79|0x00000000a9100000, 0x00000000a9100000, 0x00000000a9200000|  0%| F|  |TAMS 0x00000000a9100000| PB 0x00000000a9100000| Untracked 
|  80|0x00000000a9200000, 0x00000000a9200000, 0x00000000a9300000|  0%| F|  |TAMS 0x00000000a9200000| PB 0x00000000a9200000| Untracked 
|  81|0x00000000a9300000, 0x00000000a9300000, 0x00000000a9400000|  0%| F|  |TAMS 0x00000000a9300000| PB 0x00000000a9300000| Untracked 
|  82|0x00000000a9400000, 0x00000000a9400000, 0x00000000a9500000|  0%| F|  |TAMS 0x00000000a9400000| PB 0x00000000a9400000| Untracked 
|  91|0x00000000a9d00000, 0x00000000a9d71510, 0x00000000a9e00000| 44%| E|  |TAMS 0x00000000a9d00000| PB 0x00000000a9d00000| Complete 
|1465|0x00000000ffb00000, 0x00000000ffc00000, 0x00000000ffc00000|100%| O|  |TAMS 0x00000000ffb00000| PB 0x00000000ffb00000| Untracked 
|1466|0x00000000ffc00000, 0x00000000ffd00000, 0x00000000ffd00000|100%| E|CS|TAMS 0x00000000ffc00000| PB 0x00000000ffc00000| Complete 
|1467|0x00000000ffd00000, 0x00000000ffe00000, 0x00000000ffe00000|100%| O|  |TAMS 0x00000000ffd00000| PB 0x00000000ffd00000| Untracked 
|1468|0x00000000ffe00000, 0x00000000fff00000, 0x00000000fff00000|100%| O|  |TAMS 0x00000000ffe00000| PB 0x00000000ffe00000| Untracked 
|1469|0x00000000fff00000, 0x0000000100000000, 0x0000000100000000|100%| O|  |TAMS 0x00000000fff00000| PB 0x00000000fff00000| Untracked 

Card table byte_map: [0x000001f42bc40000,0x000001f42bf20000] _byte_map_base: 0x000001f42b71f000

Marking Bits: (CMBitMap*) 0x000001f413acfe50
 Bits: [0x000001f42bf20000, 0x000001f42d618000)

Polling page: 0x000001f4121e0000

Metaspace:

Usage:
  Non-class:     45.63 MB used.
      Class:      6.10 MB used.
       Both:     51.72 MB used.

Virtual space:
  Non-class space:       64.00 MB reserved,      46.06 MB ( 72%) committed,  1 nodes.
      Class space:        1.00 GB reserved,       6.44 MB ( <1%) committed,  1 nodes.
             Both:        1.06 GB reserved,      52.50 MB (  5%) committed. 

Chunk freelists:
   Non-Class:  1.11 MB
       Class:  9.56 MB
        Both:  10.67 MB

MaxMetaspaceSize: unlimited
CompressedClassSpaceSize: 1.00 GB
Initial GC threshold: 21.00 MB
Current GC threshold: 84.38 MB
CDS: on
 - commit_granule_bytes: 65536.
 - commit_granule_words: 8192.
 - virtual_space_node_default_size: 8388608.
 - enlarge_chunks_in_place: 1.
 - use_allocation_guard: 0.


Internal statistics:

num_allocs_failed_limit: 6.
num_arena_births: 1280.
num_arena_deaths: 0.
num_vsnodes_births: 2.
num_vsnodes_deaths: 0.
num_space_committed: 838.
num_space_uncommitted: 0.
num_chunks_returned_to_freelist: 6.
num_chunks_taken_from_freelist: 3351.
num_chunk_merges: 6.
num_chunk_splits: 2482.
num_chunks_enlarged: 1888.
num_inconsistent_stats: 0.

CodeHeap 'non-profiled nmethods': size=120000Kb used=4997Kb max_used=4997Kb free=115002Kb
 bounds [0x000001f4239d0000, 0x000001f423ec0000, 0x000001f42af00000]
CodeHeap 'profiled nmethods': size=120000Kb used=22817Kb max_used=22817Kb free=97182Kb
 bounds [0x000001f41bf00000, 0x000001f41d550000, 0x000001f423430000]
CodeHeap 'non-nmethods': size=5760Kb used=1589Kb max_used=1634Kb free=4170Kb
 bounds [0x000001f423430000, 0x000001f4236a0000, 0x000001f4239d0000]
 total_blobs=8897 nmethods=8265 adapters=534
 compilation: enabled
              stopped_count=0, restarted_count=0
 full_count=0

Compilation events (20 events):
Event: 104.927 Thread 0x000001f430038c00 9476       3       org.jetbrains.kotlin.psi.KtValueArgumentList::getArguments (16 bytes)
Event: 104.928 Thread 0x000001f430038c00 nmethod 9476 0x000001f41d528390 code [0x000001f41d5285c0, 0x000001f41d528e20]
Event: 104.930 Thread 0x000001f430038c00 9477       3       org.jetbrains.kotlin.resolve.calls.components.ArgumentsToCandidateParameterDescriptor::process (199 bytes)
Event: 104.934 Thread 0x000001f430038c00 nmethod 9477 0x000001f41d529110 code [0x000001f41d529760, 0x000001f41d52cdc8]
Event: 104.934 Thread 0x000001f430038c00 9478       3       org.jetbrains.kotlin.resolve.calls.inference.components.ConstraintInjector$TypeCheckerStateForConstraintInjector::getTypeVariable (58 bytes)
Event: 104.935 Thread 0x000001f430038c00 nmethod 9478 0x000001f41d52df90 code [0x000001f41d52e240, 0x000001f41d52ee10]
Event: 104.935 Thread 0x000001f430038c00 9479       3       org.jetbrains.kotlin.resolve.calls.inference.components.VariableFixationFinder$hasDependencyToOtherTypeVariables$dependencyPresenceCondition$1::invoke (9 bytes)
Event: 104.935 Thread 0x000001f430038c00 nmethod 9479 0x000001f41d52f290 code [0x000001f41d52f440, 0x000001f41d52f688]
Event: 104.935 Thread 0x000001f430038c00 9480       1       org.jetbrains.kotlin.resolve.calls.inference.model.FixVariableConstraintPosition::getVariable (5 bytes)
Event: 104.936 Thread 0x000001f430038c00 nmethod 9480 0x000001f423eb0d10 code [0x000001f423eb0ea0, 0x000001f423eb0f68]
Event: 105.099 Thread 0x000001f430038c00 9481       3       jdk.internal.misc.CDS::isDumpingClassList (4 bytes)
Event: 105.100 Thread 0x000001f430038c00 nmethod 9481 0x000001f41c4fca90 code [0x000001f41c4fcc20, 0x000001f41c4fcd10]
Event: 105.171 Thread 0x000001f430038c00 9482       3       org.jetbrains.kotlin.com.intellij.lexer.Lexer::startMeasured (143 bytes)
Event: 105.172 Thread 0x000001f430038c00 nmethod 9482 0x000001f41d52f790 code [0x000001f41d52f960, 0x000001f41d52fc50]
Event: 105.247 Thread 0x000001f430038c00 9484       3       org.jetbrains.kotlin.resolve.calls.components.CheckExternalArgument::process (66 bytes)
Event: 105.250 Thread 0x000001f430038c00 nmethod 9484 0x000001f41d52fd90 code [0x000001f41d530120, 0x000001f41d531650]
Event: 105.253 Thread 0x000001f430038c00 9485       3       org.jetbrains.kotlin.resolve.calls.components.EagerResolveOfCallableReferences::process (175 bytes)
Event: 105.256 Thread 0x000001f430038c00 nmethod 9485 0x000001f41d531e90 code [0x000001f41d532200, 0x000001f41d533a80]
Event: 105.256 Thread 0x000001f430038c00 9486       3       org.jetbrains.kotlin.resolve.calls.components.CompatibilityOfPartiallyApplicableSamConversion::process (199 bytes)
Event: 107.062 Thread 0x000001f430038c00 nmethod 9486 0x000001f41d534190 code [0x000001f41d5346a0, 0x000001f41d536f20]

GC Heap History (20 events):
Event: 43.431 GC heap before
{Heap before GC invocations=9 (full 0):
 garbage-first heap   total 63488K, used 52606K [0x00000000a4200000, 0x0000000100000000)
  region size 1024K, 28 young (28672K), 4 survivors (4096K)
 Metaspace       used 40758K, committed 41536K, reserved 1114112K
  class space    used 4985K, committed 5376K, reserved 1048576K
}
Event: 43.486 GC heap after
{Heap after GC invocations=10 (full 0):
 garbage-first heap   total 63488K, used 30685K [0x00000000a4200000, 0x0000000100000000)
  region size 1024K, 2 young (2048K), 2 survivors (2048K)
 Metaspace       used 40758K, committed 41536K, reserved 1114112K
  class space    used 4985K, committed 5376K, reserved 1048576K
}
Event: 50.407 GC heap before
{Heap before GC invocations=10 (full 0):
 garbage-first heap   total 63488K, used 54237K [0x00000000a4200000, 0x0000000100000000)
  region size 1024K, 25 young (25600K), 2 survivors (2048K)
 Metaspace       used 43845K, committed 44608K, reserved 1114112K
  class space    used 5302K, committed 5696K, reserved 1048576K
}
Event: 50.423 GC heap after
{Heap after GC invocations=11 (full 0):
 garbage-first heap   total 63488K, used 33756K [0x00000000a4200000, 0x0000000100000000)
  region size 1024K, 4 young (4096K), 4 survivors (4096K)
 Metaspace       used 43845K, committed 44608K, reserved 1114112K
  class space    used 5302K, committed 5696K, reserved 1048576K
}
Event: 56.146 GC heap before
{Heap before GC invocations=12 (full 0):
 garbage-first heap   total 63488K, used 55260K [0x00000000a4200000, 0x0000000100000000)
  region size 1024K, 25 young (25600K), 4 survivors (4096K)
 Metaspace       used 47400K, committed 48192K, reserved 1114112K
  class space    used 5789K, committed 6144K, reserved 1048576K
}
Event: 56.166 GC heap after
{Heap after GC invocations=13 (full 0):
 garbage-first heap   total 63488K, used 37888K [0x00000000a4200000, 0x0000000100000000)
  region size 1024K, 4 young (4096K), 4 survivors (4096K)
 Metaspace       used 47400K, committed 48192K, reserved 1114112K
  class space    used 5789K, committed 6144K, reserved 1048576K
}
Event: 63.318 GC heap before
{Heap before GC invocations=13 (full 0):
 garbage-first heap   total 63488K, used 55296K [0x00000000a4200000, 0x0000000100000000)
  region size 1024K, 21 young (21504K), 4 survivors (4096K)
 Metaspace       used 49460K, committed 50304K, reserved 1114112K
  class space    used 5985K, committed 6400K, reserved 1048576K
}
Event: 63.348 GC heap after
{Heap after GC invocations=14 (full 0):
 garbage-first heap   total 64512K, used 41298K [0x00000000a4200000, 0x0000000100000000)
  region size 1024K, 3 young (3072K), 3 survivors (3072K)
 Metaspace       used 49460K, committed 50304K, reserved 1114112K
  class space    used 5985K, committed 6400K, reserved 1048576K
}
Event: 68.222 GC heap before
{Heap before GC invocations=14 (full 0):
 garbage-first heap   total 64512K, used 55634K [0x00000000a4200000, 0x0000000100000000)
  region size 1024K, 17 young (17408K), 3 survivors (3072K)
 Metaspace       used 50282K, committed 51008K, reserved 1114112K
  class space    used 6043K, committed 6400K, reserved 1048576K
}
Event: 68.269 GC heap after
{Heap after GC invocations=15 (full 0):
 garbage-first heap   total 64512K, used 44425K [0x00000000a4200000, 0x0000000100000000)
  region size 1024K, 3 young (3072K), 3 survivors (3072K)
 Metaspace       used 50282K, committed 51008K, reserved 1114112K
  class space    used 6043K, committed 6400K, reserved 1048576K
}
Event: 72.416 GC heap before
{Heap before GC invocations=16 (full 0):
 garbage-first heap   total 76800K, used 55689K [0x00000000a4200000, 0x0000000100000000)
  region size 1024K, 14 young (14336K), 3 survivors (3072K)
 Metaspace       used 50374K, committed 51136K, reserved 1114112K
  class space    used 6044K, committed 6400K, reserved 1048576K
}
Event: 72.427 GC heap after
{Heap after GC invocations=17 (full 0):
 garbage-first heap   total 76800K, used 46932K [0x00000000a4200000, 0x0000000100000000)
  region size 1024K, 2 young (2048K), 2 survivors (2048K)
 Metaspace       used 50374K, committed 51136K, reserved 1114112K
  class space    used 6044K, committed 6400K, reserved 1048576K
}
Event: 76.779 GC heap before
{Heap before GC invocations=17 (full 0):
 garbage-first heap   total 76800K, used 66388K [0x00000000a4200000, 0x0000000100000000)
  region size 1024K, 21 young (21504K), 2 survivors (2048K)
 Metaspace       used 50443K, committed 51200K, reserved 1114112K
  class space    used 6046K, committed 6400K, reserved 1048576K
}
Event: 76.801 GC heap after
{Heap after GC invocations=18 (full 0):
 garbage-first heap   total 76800K, used 50066K [0x00000000a4200000, 0x0000000100000000)
  region size 1024K, 3 young (3072K), 3 survivors (3072K)
 Metaspace       used 50443K, committed 51200K, reserved 1114112K
  class space    used 6046K, committed 6400K, reserved 1048576K
}
Event: 84.159 GC heap before
{Heap before GC invocations=18 (full 0):
 garbage-first heap   total 76800K, used 67474K [0x00000000a4200000, 0x0000000100000000)
  region size 1024K, 20 young (20480K), 3 survivors (3072K)
 Metaspace       used 51092K, committed 51840K, reserved 1114112K
  class space    used 6105K, committed 6464K, reserved 1048576K
}
Event: 84.186 GC heap after
{Heap after GC invocations=19 (full 0):
 garbage-first heap   total 76800K, used 53084K [0x00000000a4200000, 0x0000000100000000)
  region size 1024K, 3 young (3072K), 3 survivors (3072K)
 Metaspace       used 51092K, committed 51840K, reserved 1114112K
  class space    used 6105K, committed 6464K, reserved 1048576K
}
Event: 88.319 GC heap before
{Heap before GC invocations=20 (full 0):
 garbage-first heap   total 91136K, used 68444K [0x00000000a4200000, 0x0000000100000000)
  region size 1024K, 18 young (18432K), 3 survivors (3072K)
 Metaspace       used 51492K, committed 52224K, reserved 1114112K
  class space    used 6144K, committed 6528K, reserved 1048576K
}
Event: 88.341 GC heap after
{Heap after GC invocations=21 (full 0):
 garbage-first heap   total 91136K, used 54543K [0x00000000a4200000, 0x0000000100000000)
  region size 1024K, 2 young (2048K), 2 survivors (2048K)
 Metaspace       used 51492K, committed 52224K, reserved 1114112K
  class space    used 6144K, committed 6528K, reserved 1048576K
}
Event: 104.631 GC heap before
{Heap before GC invocations=21 (full 0):
 garbage-first heap   total 91136K, used 79119K [0x00000000a4200000, 0x0000000100000000)
  region size 1024K, 26 young (26624K), 2 survivors (2048K)
 Metaspace       used 52870K, committed 53632K, reserved 1114112K
  class space    used 6233K, committed 6592K, reserved 1048576K
}
Event: 104.848 GC heap after
{Heap after GC invocations=22 (full 0):
 garbage-first heap   total 91136K, used 56152K [0x00000000a4200000, 0x0000000100000000)
  region size 1024K, 4 young (4096K), 4 survivors (4096K)
 Metaspace       used 52870K, committed 53632K, reserved 1114112K
  class space    used 6233K, committed 6592K, reserved 1048576K
}

Dll operation events (7 events):
Event: 0.042 Loaded shared library C:\Program Files\Java\jdk-21\bin\java.dll
Event: 0.259 Loaded shared library C:\Program Files\Java\jdk-21\bin\jsvml.dll
Event: 0.515 Loaded shared library C:\Program Files\Java\jdk-21\bin\net.dll
Event: 0.577 Loaded shared library C:\Program Files\Java\jdk-21\bin\nio.dll
Event: 0.682 Loaded shared library C:\Program Files\Java\jdk-21\bin\zip.dll
Event: 0.946 Loaded shared library C:\Program Files\Java\jdk-21\bin\jimage.dll
Event: 7.932 Loaded shared library C:\Program Files\Java\jdk-21\bin\verify.dll

Deoptimization events (20 events):
Event: 100.663 Thread 0x000001f413a8f3d0 Uncommon trap: trap_request=0xffffffc6 fr.pc=0x000001f423e68f70 relative=0x0000000000000c30
Event: 100.663 Thread 0x000001f413a8f3d0 Uncommon trap: reason=bimorphic_or_optimized_type_check action=maybe_recompile pc=0x000001f423e68f70 method=org.jetbrains.kotlin.resolve.DelegatingBindingTrace.get(Lorg/jetbrains/kotlin/util/slicedMap/ReadOnlySlice;Ljava/lang/Object;)Ljava/lang/Object; @ 
Event: 100.663 Thread 0x000001f413a8f3d0 DEOPT PACKING pc=0x000001f423e68f70 sp=0x000000325d0fa0c0
Event: 100.663 Thread 0x000001f413a8f3d0 DEOPT UNPACKING pc=0x000001f4234846a2 sp=0x000000325d0fa0f0 mode 2
Event: 101.011 Thread 0x000001f413a8f3d0 Uncommon trap: trap_request=0xffffffc6 fr.pc=0x000001f423df4cf4 relative=0x0000000000000174
Event: 101.011 Thread 0x000001f413a8f3d0 Uncommon trap: reason=bimorphic_or_optimized_type_check action=maybe_recompile pc=0x000001f423df4cf4 method=org.jetbrains.kotlin.descriptors.impl.ValueParameterDescriptorImpl.declaresDefaultValue()Z @ 20 c2
Event: 101.011 Thread 0x000001f413a8f3d0 DEOPT PACKING pc=0x000001f423df4cf4 sp=0x000000325d0fa710
Event: 101.011 Thread 0x000001f413a8f3d0 DEOPT UNPACKING pc=0x000001f4234846a2 sp=0x000000325d0fa6a0 mode 2
Event: 101.011 Thread 0x000001f413a8f3d0 Uncommon trap: trap_request=0xffffffc6 fr.pc=0x000001f423df4cf4 relative=0x0000000000000174
Event: 101.011 Thread 0x000001f413a8f3d0 Uncommon trap: reason=bimorphic_or_optimized_type_check action=maybe_recompile pc=0x000001f423df4cf4 method=org.jetbrains.kotlin.descriptors.impl.ValueParameterDescriptorImpl.declaresDefaultValue()Z @ 20 c2
Event: 101.011 Thread 0x000001f413a8f3d0 DEOPT PACKING pc=0x000001f423df4cf4 sp=0x000000325d0fa710
Event: 101.011 Thread 0x000001f413a8f3d0 DEOPT UNPACKING pc=0x000001f4234846a2 sp=0x000000325d0fa6a0 mode 2
Event: 101.011 Thread 0x000001f413a8f3d0 Uncommon trap: trap_request=0xffffffc6 fr.pc=0x000001f423df4cf4 relative=0x0000000000000174
Event: 101.011 Thread 0x000001f413a8f3d0 Uncommon trap: reason=bimorphic_or_optimized_type_check action=maybe_recompile pc=0x000001f423df4cf4 method=org.jetbrains.kotlin.descriptors.impl.ValueParameterDescriptorImpl.declaresDefaultValue()Z @ 20 c2
Event: 101.011 Thread 0x000001f413a8f3d0 DEOPT PACKING pc=0x000001f423df4cf4 sp=0x000000325d0fa710
Event: 101.011 Thread 0x000001f413a8f3d0 DEOPT UNPACKING pc=0x000001f4234846a2 sp=0x000000325d0fa6a0 mode 2
Event: 101.011 Thread 0x000001f413a8f3d0 Uncommon trap: trap_request=0xffffffc6 fr.pc=0x000001f423df4cf4 relative=0x0000000000000174
Event: 101.011 Thread 0x000001f413a8f3d0 Uncommon trap: reason=bimorphic_or_optimized_type_check action=maybe_recompile pc=0x000001f423df4cf4 method=org.jetbrains.kotlin.descriptors.impl.ValueParameterDescriptorImpl.declaresDefaultValue()Z @ 20 c2
Event: 101.011 Thread 0x000001f413a8f3d0 DEOPT PACKING pc=0x000001f423df4cf4 sp=0x000000325d0fa710
Event: 101.011 Thread 0x000001f413a8f3d0 DEOPT UNPACKING pc=0x000001f4234846a2 sp=0x000000325d0fa6a0 mode 2

Classes loaded (20 events):
Event: 51.639 Loading class java/util/stream/AbstractSpinedBuffer
Event: 51.639 Loading class java/util/stream/AbstractSpinedBuffer done
Event: 51.639 Loading class java/util/stream/SpinedBuffer done
Event: 51.639 Loading class java/util/stream/Nodes$SpinedNodeBuilder done
Event: 52.055 Loading class java/util/RegularEnumSet$EnumSetIterator
Event: 52.056 Loading class java/util/RegularEnumSet$EnumSetIterator done
Event: 61.025 Loading class jdk/internal/math/FloatingDecimal
Event: 61.034 Loading class jdk/internal/math/FloatingDecimal done
Event: 61.035 Loading class jdk/internal/math/FloatingDecimal$ExceptionalBinaryToASCIIBuffer
Event: 61.041 Loading class jdk/internal/math/FloatingDecimal$BinaryToASCIIConverter
Event: 61.041 Loading class jdk/internal/math/FloatingDecimal$BinaryToASCIIConverter done
Event: 61.042 Loading class jdk/internal/math/FloatingDecimal$ExceptionalBinaryToASCIIBuffer done
Event: 61.043 Loading class jdk/internal/math/FloatingDecimal$BinaryToASCIIBuffer
Event: 61.048 Loading class jdk/internal/math/FloatingDecimal$BinaryToASCIIBuffer done
Event: 61.048 Loading class jdk/internal/math/FloatingDecimal$1
Event: 61.054 Loading class jdk/internal/math/FloatingDecimal$1 done
Event: 61.055 Loading class jdk/internal/math/FloatingDecimal$PreparedASCIIToBinaryBuffer
Event: 61.080 Loading class jdk/internal/math/FloatingDecimal$ASCIIToBinaryConverter
Event: 61.118 Loading class jdk/internal/math/FloatingDecimal$ASCIIToBinaryConverter done
Event: 61.118 Loading class jdk/internal/math/FloatingDecimal$PreparedASCIIToBinaryBuffer done

Classes unloaded (0 events):
No events

Classes redefined (0 events):
No events

Internal exceptions (20 events):
Event: 32.405 Thread 0x000001f413a8f3d0 Exception <a 'java/lang/NoSuchMethodError'{0x00000000a639e528}: 'java.lang.Object java.lang.invoke.DirectMethodHandle$Holder.newInvokeSpecial(java.lang.Object, java.lang.Object, java.lang.Object, int)'> (0x00000000a639e528) 
thrown [s\open\src\hotspot\share\interpreter\linkResolver.cpp, line 773]
Event: 32.406 Thread 0x000001f413a8f3d0 Exception <a 'java/lang/NoSuchMethodError'{0x00000000a63a2658}: 'java.lang.Object java.lang.invoke.DirectMethodHandle$Holder.invokeSpecial(java.lang.Object, java.lang.Object, java.lang.Object, java.lang.Object, int)'> (0x00000000a63a2658) 
thrown [s\open\src\hotspot\share\interpreter\linkResolver.cpp, line 773]
Event: 32.406 Thread 0x000001f413a8f3d0 Exception <a 'java/lang/NoSuchMethodError'{0x00000000a63a5d90}: 'java.lang.Object java.lang.invoke.Invokers$Holder.linkToTargetMethod(java.lang.Object, java.lang.Object, int, java.lang.Object)'> (0x00000000a63a5d90) 
thrown [s\open\src\hotspot\share\interpreter\linkResolver.cpp, line 773]
Event: 47.251 Thread 0x000001f413a8f3d0 Implicit null exception at 0x000001f423ba25e8 to 0x000001f423ba704c
Event: 50.649 Thread 0x000001f413a8f3d0 Exception <a 'java/lang/NoSuchMethodError'{0x00000000a9d44870}: 'void java.lang.invoke.DirectMethodHandle$Holder.invokeSpecial(java.lang.Object, java.lang.Object, int, java.lang.Object)'> (0x00000000a9d44870) 
thrown [s\open\src\hotspot\share\interpreter\linkResolver.cpp, line 773]
Event: 51.169 Thread 0x000001f413a8f3d0 Exception <a 'java/lang/NoSuchMethodError'{0x00000000a815b320}: 'java.lang.Object java.lang.invoke.DirectMethodHandle$Holder.newInvokeSpecial(java.lang.Object, java.lang.Object, java.lang.Object, java.lang.Object, int)'> (0x00000000a815b320) 
thrown [s\open\src\hotspot\share\interpreter\linkResolver.cpp, line 773]
Event: 51.173 Thread 0x000001f413a8f3d0 Exception <a 'java/lang/NoSuchMethodError'{0x00000000a815f678}: 'java.lang.Object java.lang.invoke.DirectMethodHandle$Holder.invokeSpecial(java.lang.Object, java.lang.Object, java.lang.Object, java.lang.Object, java.lang.Object, int)'> (0x00000000a815f678) 
thrown [s\open\src\hotspot\share\interpreter\linkResolver.cpp, line 773]
Event: 51.177 Thread 0x000001f413a8f3d0 Exception <a 'java/lang/NoSuchMethodError'{0x00000000a8163398}: 'java.lang.Object java.lang.invoke.Invokers$Holder.linkToTargetMethod(java.lang.Object, java.lang.Object, java.lang.Object, int, java.lang.Object)'> (0x00000000a8163398) 
thrown [s\open\src\hotspot\share\interpreter\linkResolver.cpp, line 773]
Event: 51.601 Thread 0x000001f413a8f3d0 Exception <a 'java/lang/NoSuchMethodError'{0x00000000a8093910}: 'void java.lang.invoke.DirectMethodHandle$Holder.invokeInterface(java.lang.Object, java.lang.Object)'> (0x00000000a8093910) 
thrown [s\open\src\hotspot\share\interpreter\linkResolver.cpp, line 773]
Event: 55.262 Thread 0x000001f413a8f3d0 Exception <a 'java/lang/IncompatibleClassChangeError'{0x00000000a6a996d8}: Found class java.lang.Object, but interface was expected> (0x00000000a6a996d8) 
thrown [s\open\src\hotspot\share\interpreter\linkResolver.cpp, line 840]
Event: 57.488 Thread 0x000001f413a8f3d0 Exception <a 'java/lang/NoSuchMethodError'{0x00000000a83b0718}: 'java.lang.Object java.lang.invoke.DirectMethodHandle$Holder.invokeSpecial(java.lang.Object, java.lang.Object, java.lang.Object, java.lang.Object, java.lang.Object, java.lang.Object, int)'> (0x00000000a83b0718) 
thrown [s\open\src\hotspot\share\interpreter\linkResolver.cpp, line 773]
Event: 59.920 Thread 0x000001f413a8f3d0 Exception <a 'java/lang/NoSuchMethodError'{0x00000000a7429f50}: 'java.lang.Object java.lang.invoke.DirectMethodHandle$Holder.invokeSpecial(java.lang.Object, java.lang.Object, int, java.lang.Object, java.lang.Object)'> (0x00000000a7429f50) 
thrown [s\open\src\hotspot\share\interpreter\linkResolver.cpp, line 773]
Event: 60.404 Thread 0x000001f413a8f3d0 Exception <a 'java/lang/NoSuchMethodError'{0x00000000a7341ae8}: 'int java.lang.invoke.DirectMethodHandle$Holder.invokeStaticInit(java.lang.Object, int)'> (0x00000000a7341ae8) 
thrown [s\open\src\hotspot\share\interpreter\linkResolver.cpp, line 773]
Event: 62.913 Thread 0x000001f413a8f3d0 Exception <a 'java/lang/NoSuchMethodError'{0x00000000a6ddcde8}: 'java.lang.Object java.lang.invoke.DirectMethodHandle$Holder.invokeStatic(java.lang.Object, int, java.lang.Object)'> (0x00000000a6ddcde8) 
thrown [s\open\src\hotspot\share\interpreter\linkResolver.cpp, line 773]
Event: 64.821 Thread 0x000001f413a8f3d0 Exception <a 'java/lang/NoSuchMethodError'{0x00000000a9da0500}: 'int java.lang.invoke.DirectMethodHandle$Holder.invokeInterface(java.lang.Object, java.lang.Object)'> (0x00000000a9da0500) 
thrown [s\open\src\hotspot\share\interpreter\linkResolver.cpp, line 773]
Event: 65.837 Thread 0x000001f413a8f3d0 Exception <a 'java/lang/NoSuchMethodError'{0x00000000a76342a0}: 'java.lang.Object java.lang.invoke.DirectMethodHandle$Holder.invokeStatic(java.lang.Object, int, java.lang.Object, java.lang.Object)'> (0x00000000a76342a0) 
thrown [s\open\src\hotspot\share\interpreter\linkResolver.cpp, line 773]
Event: 65.839 Thread 0x000001f413a8f3d0 Exception <a 'java/lang/NoSuchMethodError'{0x00000000a763b760}: 'java.lang.Object java.lang.invoke.DirectMethodHandle$Holder.newInvokeSpecial(java.lang.Object, int, java.lang.Object)'> (0x00000000a763b760) 
thrown [s\open\src\hotspot\share\interpreter\linkResolver.cpp, line 773]
Event: 86.822 Thread 0x000001f413a8f3d0 Exception <a 'java/lang/NoSuchMethodError'{0x00000000a9db4f78}: 'java.lang.Object java.lang.invoke.DirectMethodHandle$Holder.invokeInterface(java.lang.Object, java.lang.Object, java.lang.Object)'> (0x00000000a9db4f78) 
thrown [s\open\src\hotspot\share\interpreter\linkResolver.cpp, line 773]
Event: 86.824 Thread 0x000001f413a8f3d0 Exception <a 'java/lang/IncompatibleClassChangeError'{0x00000000a9db8610}: Found class java.lang.Object, but interface was expected> (0x00000000a9db8610) 
thrown [s\open\src\hotspot\share\interpreter\linkResolver.cpp, line 840]
Event: 100.555 Thread 0x000001f413a8f3d0 Implicit null exception at 0x000001f423db120f to 0x000001f423db2c80

ZGC Phase Switch (0 events):
No events

VM Operations (20 events):
Event: 98.583 Executing VM operation: Cleanup
Event: 98.583 Executing VM operation: Cleanup done
Event: 99.584 Executing VM operation: Cleanup
Event: 99.623 Executing VM operation: Cleanup done
Event: 100.617 Executing VM operation: HandshakeAllThreads (Deoptimize)
Event: 100.617 Executing VM operation: HandshakeAllThreads (Deoptimize) done
Event: 100.626 Executing VM operation: HandshakeAllThreads (Deoptimize)
Event: 100.626 Executing VM operation: HandshakeAllThreads (Deoptimize) done
Event: 100.626 Executing VM operation: Cleanup
Event: 100.626 Executing VM operation: Cleanup done
Event: 101.628 Executing VM operation: Cleanup
Event: 101.668 Executing VM operation: Cleanup done
Event: 102.674 Executing VM operation: Cleanup
Event: 102.724 Executing VM operation: Cleanup done
Event: 103.735 Executing VM operation: Cleanup
Event: 103.779 Executing VM operation: Cleanup done
Event: 104.016 Executing VM operation: G1CollectForAllocation (G1 Evacuation Pause)
Event: 104.854 Executing VM operation: G1CollectForAllocation (G1 Evacuation Pause) done
Event: 105.864 Executing VM operation: Cleanup
Event: 107.070 Executing VM operation: Cleanup done

Events (20 events):
Event: 84.354 Thread 0x000001f4300044b0 flushing nmethod 0x000001f423ca4d10
Event: 84.354 Thread 0x000001f4300044b0 flushing nmethod 0x000001f423c95790
Event: 84.354 Thread 0x000001f4300044b0 flushing nmethod 0x000001f423c83090
Event: 84.354 Thread 0x000001f4300044b0 flushing nmethod 0x000001f423c81d90
Event: 84.354 Thread 0x000001f4300044b0 flushing nmethod 0x000001f423c7bc90
Event: 84.354 Thread 0x000001f4300044b0 flushing nmethod 0x000001f423c5b810
Event: 84.354 Thread 0x000001f4300044b0 flushing nmethod 0x000001f423c5b110
Event: 84.354 Thread 0x000001f4300044b0 flushing nmethod 0x000001f423c4c190
Event: 84.354 Thread 0x000001f4300044b0 flushing nmethod 0x000001f423c21e10
Event: 84.354 Thread 0x000001f4300044b0 flushing nmethod 0x000001f423bcc310
Event: 84.354 Thread 0x000001f4300044b0 flushing nmethod 0x000001f423bd1590
Event: 84.354 Thread 0x000001f4300044b0 flushing nmethod 0x000001f423bcab10
Event: 84.354 Thread 0x000001f4300044b0 flushing nmethod 0x000001f423bb9710
Event: 84.354 Thread 0x000001f4300044b0 flushing nmethod 0x000001f423b41f90
Event: 84.355 Thread 0x000001f4300044b0 flushing nmethod 0x000001f423b3dc10
Event: 84.355 Thread 0x000001f4300044b0 flushing nmethod 0x000001f423ab3590
Event: 84.355 Thread 0x000001f4300044b0 flushing nmethod 0x000001f423abc810
Event: 84.355 Thread 0x000001f4300044b0 flushing nmethod 0x000001f423a7ad10
Event: 84.355 Thread 0x000001f4300044b0 flushing nmethod 0x000001f423a74990
Event: 84.355 Thread 0x000001f4300044b0 flushing nmethod 0x000001f423a1a110


Dynamic libraries:
0x00007ff60e460000 - 0x00007ff60e470000 	C:\Program Files\Java\jdk-21\bin\java.exe
0x00007ffed32c0000 - 0x00007ffed3523000 	C:\WINDOWS\SYSTEM32\ntdll.dll
0x00007ffed2970000 - 0x00007ffed2a37000 	C:\WINDOWS\System32\KERNEL32.DLL
0x00007ffed0be0000 - 0x00007ffed0fa7000 	C:\WINDOWS\System32\KERNELBASE.dll
0x00007ffed0fb0000 - 0x00007ffed10fc000 	C:\WINDOWS\System32\ucrtbase.dll
0x00007ffeafee0000 - 0x00007ffeafef9000 	C:\Program Files\Java\jdk-21\bin\jli.dll
0x00007ffed2ce0000 - 0x00007ffed2d94000 	C:\WINDOWS\System32\ADVAPI32.dll
0x00007ffed1380000 - 0x00007ffed1429000 	C:\WINDOWS\System32\msvcrt.dll
0x00007ffed2b30000 - 0x00007ffed2bd6000 	C:\WINDOWS\System32\sechost.dll
0x00007ffed2600000 - 0x00007ffed2716000 	C:\WINDOWS\System32\RPCRT4.dll
0x00007ffed30b0000 - 0x00007ffed3279000 	C:\WINDOWS\System32\USER32.dll
0x00007ffed0790000 - 0x00007ffed07b7000 	C:\WINDOWS\System32\win32u.dll
0x00007ffed1b40000 - 0x00007ffed1b6a000 	C:\WINDOWS\System32\GDI32.dll
0x00007ffed0930000 - 0x00007ffed0a5b000 	C:\WINDOWS\System32\gdi32full.dll
0x00007ffed07c0000 - 0x00007ffed0863000 	C:\WINDOWS\System32\msvcp_win.dll
0x00007ffeafec0000 - 0x00007ffeafedb000 	C:\Program Files\Java\jdk-21\bin\VCRUNTIME140.dll
0x00007ffeb0680000 - 0x00007ffeb0910000 	C:\WINDOWS\WinSxS\amd64_microsoft.windows.common-controls_6595b64144ccf1df_6.0.26100.3037_none_3e09262ce333c378\COMCTL32.dll
0x00007ffec76b0000 - 0x00007ffec76bb000 	C:\WINDOWS\SYSTEM32\VERSION.dll
0x00007ffed1340000 - 0x00007ffed136f000 	C:\WINDOWS\System32\IMM32.DLL
0x00007ffec6b20000 - 0x00007ffec6b2c000 	C:\Program Files\Java\jdk-21\bin\vcruntime140_1.dll
0x00007ffea5180000 - 0x00007ffea520e000 	C:\Program Files\Java\jdk-21\bin\msvcp140.dll
0x00007ffdfd250000 - 0x00007ffdfdf65000 	C:\Program Files\Java\jdk-21\bin\server\jvm.dll
0x00007ffed1100000 - 0x00007ffed1174000 	C:\WINDOWS\System32\WS2_32.dll
0x00007ffed0440000 - 0x00007ffed048e000 	C:\WINDOWS\SYSTEM32\POWRPROF.dll
0x00007ffec2ab0000 - 0x00007ffec2ae6000 	C:\WINDOWS\SYSTEM32\WINMM.dll
0x00007ffed0310000 - 0x00007ffed0324000 	C:\WINDOWS\SYSTEM32\UMPDC.dll
0x00007ffecf490000 - 0x00007ffecf4aa000 	C:\WINDOWS\SYSTEM32\kernel.appcore.dll
0x00007ffeafeb0000 - 0x00007ffeafeba000 	C:\Program Files\Java\jdk-21\bin\jimage.dll
0x00007ffecdf00000 - 0x00007ffece141000 	C:\WINDOWS\SYSTEM32\DBGHELP.DLL
0x00007ffed1bc0000 - 0x00007ffed1f3e000 	C:\WINDOWS\System32\combase.dll
0x00007ffed2010000 - 0x00007ffed20e6000 	C:\WINDOWS\System32\OLEAUT32.dll
0x00007ffeb73b0000 - 0x00007ffeb73e9000 	C:\WINDOWS\SYSTEM32\dbgcore.DLL
0x00007ffed0660000 - 0x00007ffed06f9000 	C:\WINDOWS\System32\bcryptPrimitives.dll
0x00007ffea4f20000 - 0x00007ffea4f3f000 	C:\Program Files\Java\jdk-21\bin\java.dll
0x00007ffed1430000 - 0x00007ffed1b34000 	C:\WINDOWS\System32\SHELL32.dll
0x00007ffece360000 - 0x00007ffeceb97000 	C:\WINDOWS\SYSTEM32\windows.storage.dll
0x00007ffed2a40000 - 0x00007ffed2b29000 	C:\WINDOWS\System32\SHCORE.dll
0x00007ffed1180000 - 0x00007ffed11dd000 	C:\WINDOWS\System32\shlwapi.dll
0x00007ffed0570000 - 0x00007ffed059e000 	C:\WINDOWS\SYSTEM32\profapi.dll
0x00007ffe7c050000 - 0x00007ffe7c127000 	C:\Program Files\Java\jdk-21\bin\jsvml.dll
0x00007ffeaf1c0000 - 0x00007ffeaf1d0000 	C:\Program Files\Java\jdk-21\bin\net.dll
0x00007ffecba60000 - 0x00007ffecbb7e000 	C:\WINDOWS\SYSTEM32\WINHTTP.dll
0x00007ffecf9a0000 - 0x00007ffecfa08000 	C:\WINDOWS\system32\mswsock.dll
0x00007ffe9f590000 - 0x00007ffe9f5a6000 	C:\Program Files\Java\jdk-21\bin\nio.dll
0x00007ffe9f570000 - 0x00007ffe9f588000 	C:\Program Files\Java\jdk-21\bin\zip.dll
0x00007ffea5220000 - 0x00007ffea5230000 	C:\Program Files\Java\jdk-21\bin\verify.dll

dbghelp: loaded successfully - version: 4.0.5 - missing functions: none
symbol engine: initialized successfully - sym options: 0x614 - pdb path: .;C:\Program Files\Java\jdk-21\bin;C:\WINDOWS\SYSTEM32;C:\WINDOWS\WinSxS\amd64_microsoft.windows.common-controls_6595b64144ccf1df_6.0.26100.3037_none_3e09262ce333c378;C:\Program Files\Java\jdk-21\bin\server

VM Arguments:
java_command: org.jetbrains.kotlin.cli.jvm.K2JVMCompiler @C:\Tugas_Akhir\RentMob\node_modules\react-native-gesture-handler\android\build\20250209_12897625364994580255.compiler.options
java_class_path (initial): C:\Users\RIO MAULANA\.gradle\caches\modules-2\files-2.1\org.jetbrains.kotlin\kotlin-compiler-embeddable\1.9.24\78dab849090e6c5e2eadb6e59a11cdc28fb67a08\kotlin-compiler-embeddable-1.9.24.jar;C:\Users\RIO MAULANA\.gradle\caches\modules-2\files-2.1\org.jetbrains.kotlin\kotlin-stdlib\1.9.24\9928532f12c66ad816a625b3f9984f8368ca6d2b\kotlin-stdlib-1.9.24.jar;C:\Users\RIO MAULANA\.gradle\caches\modules-2\files-2.1\org.jetbrains.kotlin\kotlin-script-runtime\1.9.24\96771497da90fbc5af1c90fce148db2595a62502\kotlin-script-runtime-1.9.24.jar;C:\Users\RIO MAULANA\.gradle\caches\modules-2\files-2.1\org.jetbrains.kotlin\kotlin-reflect\1.6.10\1cbe9c92c12a94eea200d23c2bbaedaf3daf5132\kotlin-reflect-1.6.10.jar;C:\Users\RIO MAULANA\.gradle\caches\modules-2\files-2.1\org.jetbrains.kotlin\kotlin-daemon-embeddable\1.9.24\86685b9c5e8d170925bd9ddbdc263374a6a73281\kotlin-daemon-embeddable-1.9.24.jar;C:\Users\RIO MAULANA\.gradle\caches\modules-2\files-2.1\org.jetbrains.intellij.deps\trove4j\1.0.20200330\3afb14d5f9ceb459d724e907a21145e8ff394f02\trove4j-1.0.20200330.jar;C:\Users\RIO MAULANA\.gradle\caches\modules-2\files-2.1\org.jetbrains\annotations\13.0\919f0dfe192fb4e063e7dacadee7f8bb9a2672a9\annotations-13.0.jar
Launcher Type: SUN_STANDARD

[Global flags]
     intx CICompilerCount                          = 4                                         {product} {ergonomic}
     uint ConcGCThreads                            = 2                                         {product} {ergonomic}
     uint G1ConcRefinementThreads                  = 8                                         {product} {ergonomic}
   size_t G1HeapRegionSize                         = 1048576                                   {product} {ergonomic}
    uintx GCDrainStackTargetSize                   = 64                                        {product} {ergonomic}
   size_t InitialHeapSize                          = 96468992                                  {product} {ergonomic}
   size_t MarkStackSize                            = 4194304                                   {product} {ergonomic}
   size_t MaxHeapSize                              = 1541406720                                {product} {ergonomic}
   size_t MaxNewSize                               = 924844032                                 {product} {ergonomic}
   size_t MinHeapDeltaBytes                        = 1048576                                   {product} {ergonomic}
   size_t MinHeapSize                              = 8388608                                   {product} {ergonomic}
    uintx NonNMethodCodeHeapSize                   = 5839372                                {pd product} {ergonomic}
    uintx NonProfiledCodeHeapSize                  = 122909434                              {pd product} {ergonomic}
    uintx ProfiledCodeHeapSize                     = 122909434                              {pd product} {ergonomic}
    uintx ReservedCodeCacheSize                    = 251658240                              {pd product} {ergonomic}
     bool SegmentedCodeCache                       = true                                      {product} {ergonomic}
   size_t SoftMaxHeapSize                          = 1541406720                             {manageable} {ergonomic}
     bool UseCompressedOops                        = true                           {product lp64_product} {ergonomic}
     bool UseG1GC                                  = true                                      {product} {ergonomic}
     bool UseLargePagesIndividualAllocation        = false                                  {pd product} {ergonomic}

Logging:
Log output configuration:
 #0: stdout all=warning uptime,level,tags foldmultilines=false
 #1: stderr all=off uptime,level,tags foldmultilines=false

Environment Variables:
CLASSPATH=C:\Tugas_Akhir\RentMob\android\\gradle\wrapper\gradle-wrapper.jar
PATH=C:\Tugas_Akhir\RentMob\node_modules\.bin;C:\Tugas_Akhir\node_modules\.bin;C:\node_modules\.bin;C:\Users\RIO MAULANA\AppData\Roaming\nvm\v18.19.0\node_modules\npm\node_modules\@npmcli\run-script\lib\node-gyp-bin;C:\Program Files\Common Files\Oracle\Java\javapath;C:\ProgramData\Oracle\Java\javapath;C:\WINDOWS\system32;C:\WINDOWS;C:\WINDOWS\System32\Wbem;C:\WINDOWS\System32\WindowsPowerShell\v1.0\;C:\WINDOWS\System32\OpenSSH\;C:\Program Files\Git\cmd;C:\xampp\php;C:\ProgramData\ComposerSetup\bin;C:\Users\RIO MAULANA\AppData\Roaming\nvm;C:\Program Files\nodejs;C:\Users\RIO MAULANA\AppData\Local\Android\Sdk\platform-tools;C:\Users\RIO MAULANA\AppData\Local\Microsoft\WindowsApps;C:\Users\RIO MAULANA\AppData\Local\Programs\Microsoft VS Code\bin;C:\Users\RIO MAULANA\AppData\Roaming\Composer\vendor\bin;C:\Program Files\Git\bin;C:\flutter_windows_3.13.8-stable\flutter\bin;C:\Users\RIO MAULANA\AppData\Roaming\nvm;C:\Program Files\nodejs;
USERNAME=RIO MAULANA
LANG=en_US.UTF-8
OS=Windows_NT
PROCESSOR_IDENTIFIER=AMD64 Family 23 Model 160 Stepping 0, AuthenticAMD
TMP=C:\Users\RIOMAU~1\AppData\Local\Temp
TEMP=C:\Users\RIOMAU~1\AppData\Local\Temp




Periodic native trim disabled

---------------  S Y S T E M  ---------------

OS:
 Windows 11 , 64 bit Build 26100 (10.0.26100.3037)
OS uptime: 0 days 1:35 hours
Hyper-V role detected

CPU: total 8 (initial active 8) (8 cores per cpu, 2 threads per core) family 23 model 160 stepping 0 microcode 0x8a00006, cx8, cmov, fxsr, ht, mmx, 3dnowpref, sse, sse2, sse3, ssse3, sse4a, sse4.1, sse4.2, popcnt, lzcnt, tsc, tscinvbit, avx, avx2, aes, clmul, bmi1, bmi2, adx, sha, fma, vzeroupper, clflush, clflushopt, hv, rdtscp, rdpid, f16c
Processor Information for all 8 processors :
  Max Mhz: 2401, Current Mhz: 2401, Mhz Limit: 2401

Memory: 4k page, system-wide physical 5877M (93M free)
TotalPageFile size 24309M (AvailPageFile size 50M)
current process WorkingSet (physical memory assigned to process): 144M, peak: 192M
current process commit charge ("private bytes"): 293M, peak: 294M

vm_info: Java HotSpot(TM) 64-Bit Server VM (21.0.1+12-LTS-29) for windows-amd64 JRE (21.0.1+12-LTS-29), built on 2023-10-05T13:27:09Z by "mach5one" with MS VC++ 17.1 (VS2022)

END.
